Preconfiguring packages ...
Selecting previously unselected package acorn.
(Reading database ... 260367 files and directories currently installed.)
Preparing to unpack .../acorn_1.7.7-6_all.deb ...
Unpacking acorn (1.7.7-6)
Selecting previously unselected package robots.
(Reading database ... 260373 files and directories currently installed.)
Preparing to unpack .../robots_3.2.5-3_i386.deb ...
Unpacking robots (3.2.5-3)
Selecting previously unselected package fuck.
(Reading database ... 260376 files and directories currently installed.)
Preparing to unpack .../fuck_2.9.9-4_sdk.deb ...
Unpacking fuck (2.9.9-4)
Selecting previously unselected package cowsay.
(Reading database ... 260379 files and directories currently installed.)
Preparing to unpack .../cowsay_2.0.2-1_sdk.deb ...
Unpacking cowsay (2.0.2-1)
Selecting previously unselected package kernel-v.
(Reading database ... 260380 files and directories currently installed.)
Preparing to unpack .../kernel-v_1.1.1-6_all.deb ...
Unpacking kernel-v (1.1.1-6)
Selecting previously unselected package dunno.
(Reading database ... 260382 files and directories currently installed.)
Preparing to unpack .../dunno_3.6.2-4_i386.deb ...
Unpacking dunno (3.6.2-4)
Selecting previously unselected package yakt.
(Reading database ... 260386 files and directories currently installed.)
Preparing to unpack .../yakt_3.2.7-4_sdk.deb ...
Unpacking yakt (3.2.7-4)
Selecting previously unselected package omar.
(Reading database ... 260390 files and directories currently installed.)
Preparing to unpack .../omar_3.2.3-5.deb ...
Unpacking omar (3.2.3-5)
Selecting previously unselected package question.
(Reading database ... 260393 files and directories currently installed.)
Preparing to unpack .../question_3.5.0-2_i386.deb ...
Unpacking question (3.5.0-2)
Selecting previously unselected package liv-ff.
(Reading database ... 260394 files and directories currently installed.)
Preparing to unpack .../liv-ff_1.0.0-3_dev.deb ...
Unpacking liv-ff (1.0.0-3)
Selecting previously unselected package minecraft.
(Reading database ... 260401 files and directories currently installed.)
Preparing to unpack .../minecraft_3.9.8-2_i386.deb ...
Unpacking minecraft (3.9.8-2)
Selecting previously unselected package steam-launcher.
(Reading database ... 260403 files and directories currently installed.)
Preparing to unpack .../steam-launcher_3.5.6-4_dev.deb ...
Unpacking steam-launcher (3.5.6-4)
Selecting previously unselected package telegram.
(Reading database ... 260406 files and directories currently installed.)
Preparing to unpack .../telegram_3.9.7-2_sdk.deb ...
Unpacking telegram (3.9.7-2)
Selecting previously unselected package java-sdk.
(Reading database ... 260410 files and directories currently installed.)
Preparing to unpack .../java-sdk_1.6.1-3.deb ...
Unpacking java-sdk (1.6.1-3)
Selecting previously unselected package potato.
(Reading database ... 260415 files and directories currently installed.)
Preparing to unpack .../potato_1.2.8-3_sdk.deb ...
Unpacking potato (1.2.8-3)
Selecting previously unselected package water.
(Reading database ... 260421 files and directories currently installed.)
Preparing to unpack .../water_2.6.8-3.deb ...
Unpacking water (2.6.8-3)
Selecting previously unselected package ram.
(Reading database ... 260428 files and directories currently installed.)
Preparing to unpack .../ram_3.6.9-3_all.deb ...
Unpacking ram (3.6.9-3)
Selecting previously unselected package creativity.
(Reading database ... 260431 files and directories currently installed.)
Preparing to unpack .../creativity_3.1.8-4_amd64.deb ...
Unpacking creativity (3.1.8-4)
Selecting previously unselected package filler.
(Reading database ... 260438 files and directories currently installed.)
Preparing to unpack .../filler_1.7.3-3_all.deb ...
Unpacking filler (1.7.3-3)
Selecting previously unselected package ask.
(Reading database ... 260443 files and directories currently installed.)
Preparing to unpack .../ask_1.5.4-2.deb ...
Unpacking ask (1.5.4-2)
Selecting previously unselected package program.
(Reading database ... 260445 files and directories currently installed.)
Preparing to unpack .../program_0.4.7-6.deb ...
Unpacking program (0.4.7-6)
Selecting previously unselected package lost.
(Reading database ... 260446 files and directories currently installed.)
Preparing to unpack .../lost_1.7.3-2_all.deb ...
Unpacking lost (1.7.3-2)
Selecting previously unselected package segfault.
(Reading database ... 260451 files and directories currently installed.)
Preparing to unpack .../segfault_0.1.7-1_sdk.deb ...
Unpacking segfault (0.1.7-1)
Selecting previously unselected package thesims.
(Reading database ... 260456 files and directories currently installed.)
Preparing to unpack .../thesims_2.0.9-1_i386.deb ...
Unpacking thesims (2.0.9-1)
Selecting previously unselected package this.
(Reading database ... 260458 files and directories currently installed.)
Preparing to unpack .../this_0.7.7-4.deb ...
Unpacking this (0.7.7-4)
Selecting previously unselected package is_a.
(Reading database ... 260460 files and directories currently installed.)
Preparing to unpack .../is_a_3.0.1-4_dev.deb ...
Unpacking is_a (3.0.1-4)
Selecting previously unselected package criticism.
(Reading database ... 260465 files and directories currently installed.)
Preparing to unpack .../criticism_0.4.8-4_sdk.deb ...
Unpacking criticism (0.4.8-4)
Selecting previously unselected package to.
(Reading database ... 260466 files and directories currently installed.)
Preparing to unpack .../to_0.9.2-6_dev.deb ...
Unpacking to (0.9.2-6)
Selecting previously unselected package microtransactions.
(Reading database ... 260467 files and directories currently installed.)
Preparing to unpack .../microtransactions_0.8.0-1.deb ...
Unpacking microtransactions (0.8.0-1)
Selecting previously unselected package of_course.
(Reading database ... 260474 files and directories currently installed.)
Preparing to unpack .../of_course_0.1.3-6_sdk.deb ...
Unpacking of_course (0.1.3-6)
Setting up acorn (1.7.7-6) ...
Setting up robots (3.2.5-3) ...
Setting up fuck (2.9.9-4) ...
Setting up cowsay (2.0.2-1) ...
Setting up kernel-v (1.1.1-6) ...
Setting up dunno (3.6.2-4) ...
Setting up yakt (3.2.7-4) ...
Setting up omar (3.2.3-5) ...
Setting up question (3.5.0-2) ...
Setting up liv-ff (1.0.0-3) ...
Setting up minecraft (3.9.8-2) ...
Setting up steam-launcher (3.5.6-4) ...
Setting up telegram (3.9.7-2) ...
Setting up java-sdk (1.6.1-3) ...
Setting up potato (1.2.8-3) ...
Setting up water (2.6.8-3) ...
Setting up ram (3.6.9-3) ...
Setting up creativity (3.1.8-4) ...
Setting up filler (1.7.3-3) ...
Setting up ask (1.5.4-2) ...
Setting up program (0.4.7-6) ...
Setting up lost (1.7.3-2) ...
Setting up segfault (0.1.7-1) ...
Setting up thesims (2.0.9-1) ...
Setting up this (0.7.7-4) ...
Setting up is_a (3.0.1-4) ...
Setting up criticism (0.4.8-4) ...
Setting up to (0.9.2-6) ...
Setting up microtransactions (0.8.0-1) ...
Setting up of_course (0.1.3-6) ...
